Performing C SOURCE FILE Test CMAKE_HAVE_LIBC_PTHREAD failed with the following output:
Change Dir: /home/ss21mipt/DIPLOMA/yolov8/detectwebcam_YOLOv8_IR_cpp/build/CMakeFiles/CMakeTmp

Run Build Command(s):/usr/bin/make -f Makefile cmTC_267a0/fast && make[1]: Entering directory '/home/ss21mipt/DIPLOMA/yolov8/detectwebcam_YOLOv8_IR_cpp/build/CMakeFiles/CMakeTmp'
/usr/bin/make  -f CMakeFiles/cmTC_267a0.dir/build.make CMakeFiles/cmTC_267a0.dir/build
make[2]: Entering directory '/home/ss21mipt/DIPLOMA/yolov8/detectwebcam_YOLOv8_IR_cpp/build/CMakeFiles/CMakeTmp'
Building C object CMakeFiles/cmTC_267a0.dir/src.c.o
/usr/bin/cc -DCMAKE_HAVE_LIBC_PTHREAD   -o CMakeFiles/cmTC_267a0.dir/src.c.o -c /home/ss21mipt/DIPLOMA/yolov8/detectwebcam_YOLOv8_IR_cpp/build/CMakeFiles/CMakeTmp/src.c
Linking C executable cmTC_267a0
/usr/local/bin/cmake -E cmake_link_script CMakeFiles/cmTC_267a0.dir/link.txt --verbose=1
/usr/bin/cc CMakeFiles/cmTC_267a0.dir/src.c.o -o cmTC_267a0 
/usr/bin/ld: CMakeFiles/cmTC_267a0.dir/src.c.o: in function `main':
src.c:(.text+0x46): undefined reference to `pthread_create'
/usr/bin/ld: src.c:(.text+0x52): undefined reference to `pthread_detach'
/usr/bin/ld: src.c:(.text+0x5e): undefined reference to `pthread_cancel'
/usr/bin/ld: src.c:(.text+0x6f): undefined reference to `pthread_join'
collect2: error: ld returned 1 exit status
make[2]: *** [CMakeFiles/cmTC_267a0.dir/build.make:99: cmTC_267a0] Error 1
make[2]: Leaving directory '/home/ss21mipt/DIPLOMA/yolov8/detectwebcam_YOLOv8_IR_cpp/build/CMakeFiles/CMakeTmp'
make[1]: *** [Makefile:127: cmTC_267a0/fast] Error 2
make[1]: Leaving directory '/home/ss21mipt/DIPLOMA/yolov8/detectwebcam_YOLOv8_IR_cpp/build/CMakeFiles/CMakeTmp'


Source file was:
#include <pthread.h>

static void* test_func(void* data)
{
  return data;
}

int main(void)
{
  pthread_t thread;
  pthread_create(&thread, NULL, test_func, NULL);
  pthread_detach(thread);
  pthread_cancel(thread);
  pthread_join(thread, NULL);
  pthread_atfork(NULL, NULL, NULL);
  pthread_exit(NULL);

  return 0;
}

Determining if the function pthread_create exists in the pthreads failed with the following output:
Change Dir: /home/ss21mipt/DIPLOMA/yolov8/detectwebcam_YOLOv8_IR_cpp/build/CMakeFiles/CMakeTmp

Run Build Command(s):/usr/bin/make -f Makefile cmTC_b5ba3/fast && make[1]: Entering directory '/home/ss21mipt/DIPLOMA/yolov8/detectwebcam_YOLOv8_IR_cpp/build/CMakeFiles/CMakeTmp'
/usr/bin/make  -f CMakeFiles/cmTC_b5ba3.dir/build.make CMakeFiles/cmTC_b5ba3.dir/build
make[2]: Entering directory '/home/ss21mipt/DIPLOMA/yolov8/detectwebcam_YOLOv8_IR_cpp/build/CMakeFiles/CMakeTmp'
Building C object CMakeFiles/cmTC_b5ba3.dir/CheckFunctionExists.c.o
/usr/bin/cc   -DCHECK_FUNCTION_EXISTS=pthread_create -o CMakeFiles/cmTC_b5ba3.dir/CheckFunctionExists.c.o -c /usr/local/share/cmake-3.20/Modules/CheckFunctionExists.c
Linking C executable cmTC_b5ba3
/usr/local/bin/cmake -E cmake_link_script CMakeFiles/cmTC_b5ba3.dir/link.txt --verbose=1
/usr/bin/cc  -DCHECK_FUNCTION_EXISTS=pthread_create CMakeFiles/cmTC_b5ba3.dir/CheckFunctionExists.c.o -o cmTC_b5ba3  -lpthreads 
/usr/bin/ld: cannot find -lpthreads
collect2: error: ld returned 1 exit status
make[2]: *** [CMakeFiles/cmTC_b5ba3.dir/build.make:99: cmTC_b5ba3] Error 1
make[2]: Leaving directory '/home/ss21mipt/DIPLOMA/yolov8/detectwebcam_YOLOv8_IR_cpp/build/CMakeFiles/CMakeTmp'
make[1]: *** [Makefile:127: cmTC_b5ba3/fast] Error 2
make[1]: Leaving directory '/home/ss21mipt/DIPLOMA/yolov8/detectwebcam_YOLOv8_IR_cpp/build/CMakeFiles/CMakeTmp'



